Started GET "/" for 127.0.0.1 at 2019-03-11 09:02:42 +0100
Processing by Rails::WelcomeController#index as HTML
  Rendering /home/kirkuss/.rvm/gems/ruby-2.6.0/gems/railties-5.2.2/lib/rails/templates/rails/welcome/index.html.erb
  Rendered /home/kirkuss/.rvm/gems/ruby-2.6.0/gems/railties-5.2.2/lib/rails/templates/rails/welcome/index.html.erb (3.3ms)
Completed 200 OK in 47ms (Views: 24.7ms | ActiveRecord: 0.0ms)


Started GET "/" for 127.0.0.1 at 2019-03-11 09:09:09 +0100
Processing by HomeController#index as HTML
  Rendering home/index.html.erb within layouts/application
  Rendered home/index.html.erb within layouts/application (0.4ms)
Completed 200 OK in 2506ms (Views: 2505.4ms | ActiveRecord: 0.0ms)


Started GET "/" for 127.0.0.1 at 2019-03-11 09:26:51 +0100
Processing by HomeController#index as HTML
  Rendering home/index.html.erb within layouts/application
  Rendered home/index.html.erb within layouts/application (0.3ms)
Completed 200 OK in 65ms (Views: 63.9ms | ActiveRecord: 0.0ms)


Started GET "/notes/new" for 127.0.0.1 at 2019-03-11 09:28:57 +0100
Processing by NotesController#new as HTML
  Rendering notes/new.html.erb within layouts/application
  Rendered notes/new.html.erb within layouts/application (132.3ms)
Completed 200 OK in 155ms (Views: 153.8ms | ActiveRecord: 0.0ms)


Started GET "/notes/new" for 127.0.0.1 at 2019-03-11 09:33:15 +0100
Processing by NotesController#new as HTML
  Rendering notes/new.html.erb within layouts/application
  Rendered notes/new.html.erb within layouts/application (1.7ms)
Completed 200 OK in 32ms (Views: 30.8ms | ActiveRecord: 0.0ms)


Started POST "/notes/new" for 127.0.0.1 at 2019-03-11 09:35:57 +0100
  
ActionController::RoutingError (No route matches [POST] "/notes/new"):
  
actionpack (5.2.2) lib/action_dispatch/middleware/debug_exceptions.rb:65:in `call'
web-console (3.7.0) lib/web_console/middleware.rb:135:in `call_app'
web-console (3.7.0) lib/web_console/middleware.rb:30:in `block in call'
web-console (3.7.0) lib/web_console/middleware.rb:20:in `catch'
web-console (3.7.0) lib/web_console/middleware.rb:20:in `call'
actionpack (5.2.2) lib/action_dispatch/middleware/show_exceptions.rb:33:in `call'
railties (5.2.2) lib/rails/rack/logger.rb:38:in `call_app'
railties (5.2.2) lib/rails/rack/logger.rb:26:in `block in call'
activesupport (5.2.2) lib/active_support/tagged_logging.rb:71:in `block in tagged'
activesupport (5.2.2) lib/active_support/tagged_logging.rb:28:in `tagged'
activesupport (5.2.2) lib/active_support/tagged_logging.rb:71:in `tagged'
railties (5.2.2) lib/rails/rack/logger.rb:26:in `call'
sprockets-rails (3.2.1) lib/sprockets/rails/quiet_assets.rb:13:in `call'
actionpack (5.2.2) lib/action_dispatch/middleware/remote_ip.rb:81:in `call'
actionpack (5.2.2) lib/action_dispatch/middleware/request_id.rb:27:in `call'
rack (2.0.6) lib/rack/method_override.rb:22:in `call'
rack (2.0.6) lib/rack/runtime.rb:22:in `call'
activesupport (5.2.2) lib/active_support/cache/strategy/local_cache_middleware.rb:29:in `call'
actionpack (5.2.2) lib/action_dispatch/middleware/executor.rb:14:in `call'
actionpack (5.2.2) lib/action_dispatch/middleware/static.rb:127:in `call'
rack (2.0.6) lib/rack/sendfile.rb:111:in `call'
railties (5.2.2) lib/rails/engine.rb:524:in `call'
puma (3.12.0) lib/puma/configuration.rb:225:in `call'
puma (3.12.0) lib/puma/server.rb:658:in `handle_request'
puma (3.12.0) lib/puma/server.rb:472:in `process_client'
puma (3.12.0) lib/puma/server.rb:332:in `block in run'
puma (3.12.0) lib/puma/thread_pool.rb:133:in `block in spawn_thread'
  [1m[35m (0.1ms)[0m  [1m[34mSELECT sqlite_version(*)[0m
  ↳ /home/kirkuss/.rvm/rubies/ruby-2.6.0/lib/ruby/gems/2.6.0/gems/rake-12.3.2/lib/rake/task.rb:273
  [1m[35m (92.8ms)[0m  [1m[35mCREATE TABLE "schema_migrations" ("version" varchar NOT NULL PRIMARY KEY)[0m
  ↳ /home/kirkuss/.rvm/rubies/ruby-2.6.0/lib/ruby/gems/2.6.0/gems/rake-12.3.2/lib/rake/task.rb:273
  [1m[35m (6.3ms)[0m  [1m[35mCREATE TABLE "ar_internal_metadata" ("key" varchar NOT NULL PRIMARY KEY, "value" varchar, "created_at" datetime NOT NULL, "updated_at" datetime NOT NULL)[0m
  ↳ /home/kirkuss/.rvm/rubies/ruby-2.6.0/lib/ruby/gems/2.6.0/gems/rake-12.3.2/lib/rake/task.rb:273
  [1m[35m (0.2ms)[0m  [1m[34mSELECT "schema_migrations"."version" FROM "schema_migrations" ORDER BY "schema_migrations"."version" ASC[0m
  ↳ /home/kirkuss/.rvm/rubies/ruby-2.6.0/lib/ruby/gems/2.6.0/gems/rake-12.3.2/lib/rake/task.rb:273
Migrating to CreateNotes (20190311085539)
  [1m[35m (0.1ms)[0m  [1m[36mbegin transaction[0m
  ↳ /home/kirkuss/.rvm/rubies/ruby-2.6.0/lib/ruby/gems/2.6.0/gems/rake-12.3.2/lib/rake/task.rb:273
  [1m[35m (0.8ms)[0m  [1m[35mCREATE TABLE "notes" ("id" integer PRIMARY KEY AUTOINCREMENT NOT NULL, "title" varchar, "text" text, "created_at" datetime NOT NULL, "updated_at" datetime NOT NULL)[0m
  ↳ db/migrate/20190311085539_create_notes.rb:3
  [1m[36mActiveRecord::SchemaMigration Create (0.1ms)[0m  [1m[32mINSERT INTO "schema_migrations" ("version") VALUES (?)[0m  [["version", "20190311085539"]]
  ↳ /home/kirkuss/.rvm/rubies/ruby-2.6.0/lib/ruby/gems/2.6.0/gems/rake-12.3.2/lib/rake/task.rb:273
  [1m[35m (27.2ms)[0m  [1m[36mcommit transaction[0m
  ↳ /home/kirkuss/.rvm/rubies/ruby-2.6.0/lib/ruby/gems/2.6.0/gems/rake-12.3.2/lib/rake/task.rb:273
  [1m[36mActiveRecord::InternalMetadata Load (0.2ms)[0m  [1m[34mSELECT  "ar_internal_metadata".* FROM "ar_internal_metadata" WHERE "ar_internal_metadata"."key" = ? LIMIT ?[0m  [["key", "environment"], ["LIMIT", 1]]
  ↳ /home/kirkuss/.rvm/rubies/ruby-2.6.0/lib/ruby/gems/2.6.0/gems/rake-12.3.2/lib/rake/task.rb:273
  [1m[35m (0.1ms)[0m  [1m[36mbegin transaction[0m
  ↳ /home/kirkuss/.rvm/rubies/ruby-2.6.0/lib/ruby/gems/2.6.0/gems/rake-12.3.2/lib/rake/task.rb:273
  [1m[36mActiveRecord::InternalMetadata Create (0.8ms)[0m  [1m[32mINSERT INTO "ar_internal_metadata" ("key", "value", "created_at", "updated_at") VALUES (?, ?, ?, ?)[0m  [["key", "environment"], ["value", "development"], ["created_at", "2019-03-11 08:58:07.797782"], ["updated_at", "2019-03-11 08:58:07.797782"]]
  ↳ /home/kirkuss/.rvm/rubies/ruby-2.6.0/lib/ruby/gems/2.6.0/gems/rake-12.3.2/lib/rake/task.rb:273
  [1m[35m (4.3ms)[0m  [1m[36mcommit transaction[0m
  ↳ /home/kirkuss/.rvm/rubies/ruby-2.6.0/lib/ruby/gems/2.6.0/gems/rake-12.3.2/lib/rake/task.rb:273
  [1m[35m (0.1ms)[0m  [1m[34mSELECT "schema_migrations"."version" FROM "schema_migrations" ORDER BY "schema_migrations"."version" ASC[0m
  ↳ /home/kirkuss/.rvm/rubies/ruby-2.6.0/lib/ruby/gems/2.6.0/gems/rake-12.3.2/lib/rake/task.rb:273
Started GET "/notes/new" for 127.0.0.1 at 2019-03-11 10:03:24 +0100
  [1m[35m (0.1ms)[0m  [1m[34mSELECT "schema_migrations"."version" FROM "schema_migrations" ORDER BY "schema_migrations"."version" ASC[0m
  ↳ /home/kirkuss/.rvm/gems/ruby-2.6.0/gems/activerecord-5.2.2/lib/active_record/log_subscriber.rb:98
Processing by NotesController#new as HTML
  Rendering notes/new.html.erb within layouts/application
  Rendered notes/new.html.erb within layouts/application (2.0ms)
Completed 200 OK in 24ms (Views: 23.4ms | ActiveRecord: 0.0ms)


Started POST "/notes" for 127.0.0.1 at 2019-03-11 10:03:25 +0100
Processing by NotesController#create as HTML
  Parameters: {"utf8"=>"✓", "authenticity_token"=>"NdjR0nWtz9YBsv9vdy2E0XhCZd6VFgSesICHU1HYzGTacK49O8zM4EkANTN67DymuZh10IuWbbCdTd5RbUbHrg==", "note"=>{"title"=>"3uigfewuhfg", "text"=>"qepoiuqiudgtqiyudrqudtqiwu8gduqywif,owmihfwefiioywieyfouiwgfisEHOUFH3W4UF"}, "commit"=>"Save Note"}
Completed 500 Internal Server Error in 30ms (ActiveRecord: 2.6ms)


  
ActiveModel::ForbiddenAttributesError (ActiveModel::ForbiddenAttributesError):
  
app/controllers/notes_controller.rb:6:in `create'
Started POST "/notes" for 127.0.0.1 at 2019-03-11 10:03:48 +0100
Processing by NotesController#create as HTML
  Parameters: {"utf8"=>"✓", "authenticity_token"=>"NdjR0nWtz9YBsv9vdy2E0XhCZd6VFgSesICHU1HYzGTacK49O8zM4EkANTN67DymuZh10IuWbbCdTd5RbUbHrg==", "note"=>{"title"=>"3uigfewuhfg", "text"=>"qepoiuqiudgtqiyudrqudtqiwu8gduqywif,owmihfwefiioywieyfouiwgfisEHOUFH3W4UF"}, "commit"=>"Save Note"}
  [1m[35m (0.1ms)[0m  [1m[36mbegin transaction[0m
  ↳ app/controllers/notes_controller.rb:8
  [1m[36mNote Create (1.5ms)[0m  [1m[32mINSERT INTO "notes" ("title", "text", "created_at", "updated_at") VALUES (?, ?, ?, ?)[0m  [["title", "3uigfewuhfg"], ["text", "qepoiuqiudgtqiyudrqudtqiwu8gduqywif,owmihfwefiioywieyfouiwgfisEHOUFH3W4UF"], ["created_at", "2019-03-11 09:03:48.509981"], ["updated_at", "2019-03-11 09:03:48.509981"]]
  ↳ app/controllers/notes_controller.rb:8
  [1m[35m (24.8ms)[0m  [1m[36mcommit transaction[0m
  ↳ app/controllers/notes_controller.rb:8
Redirected to http://localhost:3000/notes/1
Completed 302 Found in 45ms (ActiveRecord: 27.1ms)


Started GET "/notes/1" for 127.0.0.1 at 2019-03-11 10:03:48 +0100
  
AbstractController::ActionNotFound (The action 'show' could not be found for NotesController):
  
actionpack (5.2.2) lib/abstract_controller/base.rb:129:in `process'
actionview (5.2.2) lib/action_view/rendering.rb:32:in `process'
actionpack (5.2.2) lib/action_controller/metal.rb:191:in `dispatch'
actionpack (5.2.2) lib/action_controller/metal.rb:252:in `dispatch'
actionpack (5.2.2) lib/action_dispatch/routing/route_set.rb:52:in `dispatch'
actionpack (5.2.2) lib/action_dispatch/routing/route_set.rb:34:in `serve'
actionpack (5.2.2) lib/action_dispatch/journey/router.rb:52:in `block in serve'
actionpack (5.2.2) lib/action_dispatch/journey/router.rb:35:in `each'
actionpack (5.2.2) lib/action_dispatch/journey/router.rb:35:in `serve'
actionpack (5.2.2) lib/action_dispatch/routing/route_set.rb:840:in `call'
rack (2.0.6) lib/rack/tempfile_reaper.rb:15:in `call'
rack (2.0.6) lib/rack/etag.rb:25:in `call'
rack (2.0.6) lib/rack/conditional_get.rb:25:in `call'
rack (2.0.6) lib/rack/head.rb:12:in `call'
actionpack (5.2.2) lib/action_dispatch/http/content_security_policy.rb:18:in `call'
rack (2.0.6) lib/rack/session/abstract/id.rb:232:in `context'
rack (2.0.6) lib/rack/session/abstract/id.rb:226:in `call'
actionpack (5.2.2) lib/action_dispatch/middleware/cookies.rb:670:in `call'
activerecord (5.2.2) lib/active_record/migration.rb:559:in `call'
actionpack (5.2.2) lib/action_dispatch/middleware/callbacks.rb:28:in `block in call'
activesupport (5.2.2) lib/active_support/callbacks.rb:98:in `run_callbacks'
actionpack (5.2.2) lib/action_dispatch/middleware/callbacks.rb:26:in `call'
actionpack (5.2.2) lib/action_dispatch/middleware/executor.rb:14:in `call'
actionpack (5.2.2) lib/action_dispatch/middleware/debug_exceptions.rb:61:in `call'
web-console (3.7.0) lib/web_console/middleware.rb:135:in `call_app'
web-console (3.7.0) lib/web_console/middleware.rb:30:in `block in call'
web-console (3.7.0) lib/web_console/middleware.rb:20:in `catch'
web-console (3.7.0) lib/web_console/middleware.rb:20:in `call'
actionpack (5.2.2) lib/action_dispatch/middleware/show_exceptions.rb:33:in `call'
railties (5.2.2) lib/rails/rack/logger.rb:38:in `call_app'
railties (5.2.2) lib/rails/rack/logger.rb:26:in `block in call'
activesupport (5.2.2) lib/active_support/tagged_logging.rb:71:in `block in tagged'
activesupport (5.2.2) lib/active_support/tagged_logging.rb:28:in `tagged'
activesupport (5.2.2) lib/active_support/tagged_logging.rb:71:in `tagged'
railties (5.2.2) lib/rails/rack/logger.rb:26:in `call'
sprockets-rails (3.2.1) lib/sprockets/rails/quiet_assets.rb:13:in `call'
actionpack (5.2.2) lib/action_dispatch/middleware/remote_ip.rb:81:in `call'
actionpack (5.2.2) lib/action_dispatch/middleware/request_id.rb:27:in `call'
rack (2.0.6) lib/rack/method_override.rb:22:in `call'
rack (2.0.6) lib/rack/runtime.rb:22:in `call'
activesupport (5.2.2) lib/active_support/cache/strategy/local_cache_middleware.rb:29:in `call'
actionpack (5.2.2) lib/action_dispatch/middleware/executor.rb:14:in `call'
actionpack (5.2.2) lib/action_dispatch/middleware/static.rb:127:in `call'
rack (2.0.6) lib/rack/sendfile.rb:111:in `call'
railties (5.2.2) lib/rails/engine.rb:524:in `call'
puma (3.12.0) lib/puma/configuration.rb:225:in `call'
puma (3.12.0) lib/puma/server.rb:658:in `handle_request'
puma (3.12.0) lib/puma/server.rb:472:in `process_client'
puma (3.12.0) lib/puma/server.rb:332:in `block in run'
puma (3.12.0) lib/puma/thread_pool.rb:133:in `block in spawn_thread'
Started GET "/notes/1" for 127.0.0.1 at 2019-03-11 10:13:59 +0100
Processing by NotesController#show as HTML
  Parameters: {"id"=>"1"}
  [1m[36mNote Load (0.1ms)[0m  [1m[34mSELECT  "notes".* FROM "notes" WHERE "notes"."id" = ? LIMIT ?[0m  [["id", 1], ["LIMIT", 1]]
  ↳ app/controllers/notes_controller.rb:3
  Rendering notes/show.html.erb within layouts/application
  Rendered notes/show.html.erb within layouts/application (2.2ms)
Completed 200 OK in 83ms (Views: 27.4ms | ActiveRecord: 0.8ms)


Started GET "/notes" for 127.0.0.1 at 2019-03-11 10:19:06 +0100
Processing by NotesController#index as HTML
  Rendering notes/index.html.erb within layouts/application
  Rendered notes/index.html.erb within layouts/application (3.6ms)
Completed 500 Internal Server Error in 6ms (ActiveRecord: 0.0ms)


  
ActionView::Template::Error (undefined method `each' for nil:NilClass):
     7:     <th></th>
     8:   </tr>
     9: 
    10:   <% @notes.each do |note| %>
    11:     <tr>
    12:       <td><%= note.title %></td>
    13:       <td><%= note.text %></td>
  
app/views/notes/index.html.erb:10:in `_app_views_notes_index_html_erb__4455811944703039361_70045821471060'
Started GET "/notes" for 127.0.0.1 at 2019-03-11 10:22:47 +0100
Processing by NotesController#index as HTML
  Rendering notes/index.html.erb within layouts/application
  [1m[36mNote Load (0.1ms)[0m  [1m[34mSELECT "notes".* FROM "notes"[0m
  ↳ app/views/notes/index.html.erb:10
  Rendered notes/index.html.erb within layouts/application (7.4ms)
Completed 200 OK in 31ms (Views: 27.3ms | ActiveRecord: 0.8ms)


Started GET "/notes/1" for 127.0.0.1 at 2019-03-11 10:25:03 +0100
Processing by NotesController#show as HTML
  Parameters: {"id"=>"1"}
  [1m[36mNote Load (0.2ms)[0m  [1m[34mSELECT  "notes".* FROM "notes" WHERE "notes"."id" = ? LIMIT ?[0m  [["id", 1], ["LIMIT", 1]]
  ↳ app/controllers/notes_controller.rb:7
  Rendering notes/show.html.erb within layouts/application
  Rendered notes/show.html.erb within layouts/application (0.5ms)
Completed 200 OK in 33ms (Views: 29.3ms | ActiveRecord: 0.6ms)


Started GET "/notes" for 127.0.0.1 at 2019-03-11 10:26:19 +0100
Processing by NotesController#index as HTML
  Rendering notes/index.html.erb within layouts/application
  [1m[36mNote Load (0.2ms)[0m  [1m[34mSELECT "notes".* FROM "notes"[0m
  ↳ app/views/notes/index.html.erb:10
  Rendered notes/index.html.erb within layouts/application (1.4ms)
Completed 200 OK in 29ms (Views: 27.5ms | ActiveRecord: 0.2ms)


Started GET "/" for 127.0.0.1 at 2019-03-11 10:26:24 +0100
Processing by HomeController#index as HTML
  Rendering home/index.html.erb within layouts/application
  Rendered home/index.html.erb within layouts/application (0.9ms)
Completed 200 OK in 27ms (Views: 26.1ms | ActiveRecord: 0.0ms)


Started GET "/notes" for 127.0.0.1 at 2019-03-11 10:26:25 +0100
Processing by NotesController#index as HTML
  Rendering notes/index.html.erb within layouts/application
  [1m[36mNote Load (0.2ms)[0m  [1m[34mSELECT "notes".* FROM "notes"[0m
  ↳ app/views/notes/index.html.erb:10
  Rendered notes/index.html.erb within layouts/application (3.0ms)
Completed 200 OK in 28ms (Views: 26.1ms | ActiveRecord: 0.5ms)


Started GET "/notes" for 127.0.0.1 at 2019-03-11 10:28:03 +0100
Processing by NotesController#index as HTML
  Rendering notes/index.html.erb within layouts/application
  [1m[36mNote Load (0.2ms)[0m  [1m[34mSELECT "notes".* FROM "notes"[0m
  ↳ app/views/notes/index.html.erb:13
  Rendered notes/index.html.erb within layouts/application (1.6ms)
Completed 200 OK in 22ms (Views: 21.0ms | ActiveRecord: 0.2ms)


Started GET "/notes/new" for 127.0.0.1 at 2019-03-11 10:28:05 +0100
Processing by NotesController#new as HTML
  Rendering notes/new.html.erb within layouts/application
  Rendered notes/new.html.erb within layouts/application (1.6ms)
Completed 200 OK in 23ms (Views: 21.7ms | ActiveRecord: 0.0ms)


Started GET "/notes" for 127.0.0.1 at 2019-03-11 10:28:51 +0100
Processing by NotesController#index as HTML
  Rendering notes/index.html.erb within layouts/application
  [1m[36mNote Load (0.2ms)[0m  [1m[34mSELECT "notes".* FROM "notes"[0m
  ↳ app/views/notes/index.html.erb:10
  Rendered notes/index.html.erb within layouts/application (1.4ms)
Completed 200 OK in 27ms (Views: 25.8ms | ActiveRecord: 0.2ms)


Started GET "/" for 127.0.0.1 at 2019-03-11 10:29:11 +0100
Processing by HomeController#index as HTML
  Rendering home/index.html.erb within layouts/application
  Rendered home/index.html.erb within layouts/application (0.6ms)
Completed 200 OK in 23ms (Views: 22.1ms | ActiveRecord: 0.0ms)


Started GET "/notes" for 127.0.0.1 at 2019-03-11 10:32:01 +0100
Processing by NotesController#index as HTML
Completed 500 Internal Server Error in 4ms (ActiveRecord: 0.0ms)


  
ArgumentError (Range unspecified. Specify the :in, :within, :maximum, :minimum, or :is option.):
  
app/models/note.rb:2:in `<class:Note>'
app/models/note.rb:1:in `<main>'
app/controllers/notes_controller.rb:3:in `index'
Started GET "/notes" for 127.0.0.1 at 2019-03-11 10:33:37 +0100
Processing by NotesController#index as HTML
Completed 500 Internal Server Error in 3ms (ActiveRecord: 0.0ms)


  
ArgumentError (Range unspecified. Specify the :in, :within, :maximum, :minimum, or :is option.):
  
app/models/note.rb:2:in `<class:Note>'
app/models/note.rb:1:in `<main>'
app/controllers/notes_controller.rb:3:in `index'
Started GET "/notes" for 127.0.0.1 at 2019-03-11 10:37:42 +0100
Processing by NotesController#index as HTML
  Rendering notes/index.html.erb within layouts/application
  [1m[36mNote Load (0.2ms)[0m  [1m[34mSELECT "notes".* FROM "notes"[0m
  ↳ app/views/notes/index.html.erb:10
  Rendered notes/index.html.erb within layouts/application (9.1ms)
Completed 200 OK in 32ms (Views: 27.8ms | ActiveRecord: 1.0ms)


Started GET "/notes/new" for 127.0.0.1 at 2019-03-11 10:39:54 +0100
Processing by NotesController#new as HTML
  Rendering notes/new.html.erb within layouts/application
  Rendered notes/new.html.erb within layouts/application (1.5ms)
Completed 200 OK in 23ms (Views: 22.2ms | ActiveRecord: 0.0ms)


Started POST "/notes" for 127.0.0.1 at 2019-03-11 10:40:23 +0100
Processing by NotesController#create as HTML
  Parameters: {"utf8"=>"✓", "authenticity_token"=>"2L4dgvv0zHVIrKgOSgLE+aUu05Yh/pBEZeXg5UDm/vs3FmJttZXPQwAeYlJHw3yOZPTDmD9++WpIKLnnfHj1MQ==", "note"=>{"title"=>"", "text"=>""}, "commit"=>"Save Note"}
  [1m[35m (0.1ms)[0m  [1m[36mbegin transaction[0m
  ↳ app/controllers/notes_controller.rb:16
  [1m[35m (0.0ms)[0m  [1m[31mrollback transaction[0m
  ↳ app/controllers/notes_controller.rb:16
  Rendering notes/new.html.erb within layouts/application
  Rendered notes/new.html.erb within layouts/application (3.5ms)
Completed 200 OK in 39ms (Views: 25.1ms | ActiveRecord: 1.0ms)


Started POST "/notes" for 127.0.0.1 at 2019-03-11 10:40:24 +0100
Processing by NotesController#create as HTML
  Parameters: {"utf8"=>"✓", "authenticity_token"=>"1NDJtaH0VF353rsySkm+StALw0E8WRp+HD+e0Xj9glA7eLZa75VXa7FscW5HiAY9EdHTTyLZc1Ax8sfTRGOJmg==", "note"=>{"title"=>"", "text"=>""}, "commit"=>"Save Note"}
  [1m[35m (0.1ms)[0m  [1m[36mbegin transaction[0m
  ↳ app/controllers/notes_controller.rb:16
  [1m[35m (0.1ms)[0m  [1m[31mrollback transaction[0m
  ↳ app/controllers/notes_controller.rb:16
  Rendering notes/new.html.erb within layouts/application
  Rendered notes/new.html.erb within layouts/application (2.1ms)
Completed 200 OK in 31ms (Views: 25.6ms | ActiveRecord: 0.1ms)


Started POST "/notes" for 127.0.0.1 at 2019-03-11 10:40:25 +0100
Processing by NotesController#create as HTML
  Parameters: {"utf8"=>"✓", "authenticity_token"=>"r+18tbKVKpkpD1jGWET2By+lyaInigg5dBIwnaVDj55ARQNa/PQpr2G9kppVhU5w7n/ZrDkKYRdZ32mfmd2EVA==", "note"=>{"title"=>"", "text"=>""}, "commit"=>"Save Note"}
  [1m[35m (0.1ms)[0m  [1m[36mbegin transaction[0m
  ↳ app/controllers/notes_controller.rb:16
  [1m[35m (0.1ms)[0m  [1m[31mrollback transaction[0m
  ↳ app/controllers/notes_controller.rb:16
  Rendering notes/new.html.erb within layouts/application
  Rendered notes/new.html.erb within layouts/application (2.5ms)
Completed 200 OK in 38ms (Views: 33.9ms | ActiveRecord: 0.2ms)


Started GET "/notes" for 127.0.0.1 at 2019-03-11 10:44:21 +0100
Processing by NotesController#index as HTML
  Rendering notes/index.html.erb within layouts/application
  [1m[36mNote Load (0.1ms)[0m  [1m[34mSELECT "notes".* FROM "notes"[0m
  ↳ app/views/notes/index.html.erb:10
  Rendered notes/index.html.erb within layouts/application (1.4ms)
Completed 200 OK in 29ms (Views: 27.6ms | ActiveRecord: 0.1ms)


Started GET "/notes/new" for 127.0.0.1 at 2019-03-11 10:44:23 +0100
Processing by NotesController#new as HTML
  Rendering notes/new.html.erb within layouts/application
  Rendered notes/new.html.erb within layouts/application (4.5ms)
Completed 500 Internal Server Error in 8ms (ActiveRecord: 0.0ms)


  
ActionView::Template::Error (undefined method `errors' for nil:NilClass):
    1: <%= form_with scope: :note, url: notes_path, local: true do |form| %>
    2: 
    3:   <% if @note.errors.any? %>
    4:     <div id="error_explanation">
    5:       <h2>
    6:         <%= pluralize(@note.errors.count, "error") %> prohibited
  
app/views/notes/new.html.erb:3:in `block in _app_views_notes_new_html_erb___2055529743573404380_70045889388140'
app/views/notes/new.html.erb:1:in `_app_views_notes_new_html_erb___2055529743573404380_70045889388140'
Started GET "/notes/new" for 127.0.0.1 at 2019-03-11 10:47:45 +0100
Processing by NotesController#new as HTML
  Rendering notes/new.html.erb within layouts/application
  Rendered notes/new.html.erb within layouts/application (2.3ms)
Completed 200 OK in 34ms (Views: 22.7ms | ActiveRecord: 1.4ms)


Started POST "/notes" for 127.0.0.1 at 2019-03-11 10:47:46 +0100
Processing by NotesController#create as HTML
  Parameters: {"utf8"=>"✓", "authenticity_token"=>"s8w9QJunt+PXTBkqHHoOtyvaL2q3mRpfaq2RXD+VTJlcZEKv1ca01Z/+03YRu7bA6gA/ZKkZc3FHYMheAwtHUw==", "note"=>{"title"=>"", "text"=>""}, "commit"=>"Save Note"}
  [1m[35m (0.1ms)[0m  [1m[36mbegin transaction[0m
  ↳ app/controllers/notes_controller.rb:17
  [1m[35m (0.1ms)[0m  [1m[31mrollback transaction[0m
  ↳ app/controllers/notes_controller.rb:17
  Rendering notes/new.html.erb within layouts/application
  Rendered notes/new.html.erb within layouts/application (3.7ms)
Completed 200 OK in 28ms (Views: 24.2ms | ActiveRecord: 0.2ms)


Started GET "/notes" for 127.0.0.1 at 2019-03-11 11:06:49 +0100
Processing by NotesController#index as HTML
  Rendering notes/index.html.erb within layouts/application
  [1m[36mNote Load (0.2ms)[0m  [1m[34mSELECT "notes".* FROM "notes"[0m
  ↳ app/views/notes/index.html.erb:10
  Rendered notes/index.html.erb within layouts/application (7.5ms)
Completed 200 OK in 30ms (Views: 26.2ms | ActiveRecord: 0.7ms)


Started GET "/notes" for 127.0.0.1 at 2019-03-11 11:06:59 +0100
Processing by NotesController#index as HTML
  Rendering notes/index.html.erb within layouts/application
  [1m[36mNote Load (0.2ms)[0m  [1m[34mSELECT "notes".* FROM "notes"[0m
  ↳ app/views/notes/index.html.erb:10
  Rendered notes/index.html.erb within layouts/application (1.8ms)
Completed 200 OK in 32ms (Views: 30.4ms | ActiveRecord: 0.2ms)


Started GET "/notes/1/edit" for 127.0.0.1 at 2019-03-11 11:07:09 +0100
Processing by NotesController#edit as HTML
  Parameters: {"id"=>"1"}
  [1m[36mNote Load (0.2ms)[0m  [1m[34mSELECT  "notes".* FROM "notes" WHERE "notes"."id" = ? LIMIT ?[0m  [["id", 1], ["LIMIT", 1]]
  ↳ app/controllers/notes_controller.rb:16
  Rendering notes/edit.html.erb within layouts/application
  Rendered notes/edit.html.erb within layouts/application (2.7ms)
Completed 200 OK in 31ms (Views: 28.7ms | ActiveRecord: 0.2ms)


Started GET "/notes" for 127.0.0.1 at 2019-03-11 11:07:11 +0100
Processing by NotesController#index as HTML
  Rendering notes/index.html.erb within layouts/application
  [1m[36mNote Load (0.2ms)[0m  [1m[34mSELECT "notes".* FROM "notes"[0m
  ↳ app/views/notes/index.html.erb:10
  Rendered notes/index.html.erb within layouts/application (1.7ms)
Completed 200 OK in 29ms (Views: 28.0ms | ActiveRecord: 0.2ms)


Started GET "/notes/1" for 127.0.0.1 at 2019-03-11 11:07:12 +0100
Processing by NotesController#show as HTML
  Parameters: {"id"=>"1"}
  [1m[36mNote Load (0.1ms)[0m  [1m[34mSELECT  "notes".* FROM "notes" WHERE "notes"."id" = ? LIMIT ?[0m  [["id", 1], ["LIMIT", 1]]
  ↳ app/controllers/notes_controller.rb:7
  Rendering notes/show.html.erb within layouts/application
  Rendered notes/show.html.erb within layouts/application (0.8ms)
Completed 200 OK in 31ms (Views: 29.1ms | ActiveRecord: 0.1ms)


Started GET "/notes" for 127.0.0.1 at 2019-03-11 11:07:15 +0100
Processing by NotesController#index as HTML
  Rendering notes/index.html.erb within layouts/application
  [1m[36mNote Load (0.2ms)[0m  [1m[34mSELECT "notes".* FROM "notes"[0m
  ↳ app/views/notes/index.html.erb:10
  Rendered notes/index.html.erb within layouts/application (2.7ms)
Completed 200 OK in 38ms (Views: 36.3ms | ActiveRecord: 0.2ms)


Started GET "/notes" for 127.0.0.1 at 2019-03-11 11:07:33 +0100
Processing by NotesController#index as HTML
  Rendering notes/index.html.erb within layouts/application
  [1m[36mNote Load (0.2ms)[0m  [1m[34mSELECT "notes".* FROM "notes"[0m
  ↳ app/views/notes/index.html.erb:10
  Rendered notes/index.html.erb within layouts/application (2.4ms)
Completed 200 OK in 29ms (Views: 27.7ms | ActiveRecord: 0.2ms)


Started GET "/notes/1/edit" for 127.0.0.1 at 2019-03-11 11:08:49 +0100
Processing by NotesController#edit as HTML
  Parameters: {"id"=>"1"}
  [1m[36mNote Load (0.2ms)[0m  [1m[34mSELECT  "notes".* FROM "notes" WHERE "notes"."id" = ? LIMIT ?[0m  [["id", 1], ["LIMIT", 1]]
  ↳ app/controllers/notes_controller.rb:16
  Rendering notes/edit.html.erb within layouts/application
  Rendered notes/edit.html.erb within layouts/application (2.7ms)
Completed 200 OK in 30ms (Views: 26.9ms | ActiveRecord: 0.5ms)


Started GET "/notes" for 127.0.0.1 at 2019-03-11 11:08:50 +0100
Processing by NotesController#index as HTML
  Rendering notes/index.html.erb within layouts/application
  [1m[36mNote Load (0.2ms)[0m  [1m[34mSELECT "notes".* FROM "notes"[0m
  ↳ app/views/notes/index.html.erb:10
  Rendered notes/index.html.erb within layouts/application (1.9ms)
Completed 200 OK in 33ms (Views: 31.8ms | ActiveRecord: 0.2ms)


Started GET "/notes/1" for 127.0.0.1 at 2019-03-11 11:08:52 +0100
Processing by NotesController#show as HTML
  Parameters: {"id"=>"1"}
  [1m[36mNote Load (0.2ms)[0m  [1m[34mSELECT  "notes".* FROM "notes" WHERE "notes"."id" = ? LIMIT ?[0m  [["id", 1], ["LIMIT", 1]]
  ↳ app/controllers/notes_controller.rb:7
  Rendering notes/show.html.erb within layouts/application
  Rendered notes/show.html.erb within layouts/application (0.9ms)
Completed 200 OK in 45ms (Views: 43.7ms | ActiveRecord: 0.2ms)


Started GET "/notes/1/edit" for 127.0.0.1 at 2019-03-11 11:08:54 +0100
Processing by NotesController#edit as HTML
  Parameters: {"id"=>"1"}
  [1m[36mNote Load (0.1ms)[0m  [1m[34mSELECT  "notes".* FROM "notes" WHERE "notes"."id" = ? LIMIT ?[0m  [["id", 1], ["LIMIT", 1]]
  ↳ app/controllers/notes_controller.rb:16
  Rendering notes/edit.html.erb within layouts/application
  Rendered notes/edit.html.erb within layouts/application (3.7ms)
Completed 200 OK in 26ms (Views: 24.1ms | ActiveRecord: 0.1ms)


Started GET "/notes" for 127.0.0.1 at 2019-03-11 11:08:55 +0100
Processing by NotesController#index as HTML
  Rendering notes/index.html.erb within layouts/application
  [1m[36mNote Load (0.2ms)[0m  [1m[34mSELECT "notes".* FROM "notes"[0m
  ↳ app/views/notes/index.html.erb:10
  Rendered notes/index.html.erb within layouts/application (3.1ms)
Completed 200 OK in 24ms (Views: 22.6ms | ActiveRecord: 0.2ms)


Started GET "/notes" for 127.0.0.1 at 2019-03-11 11:14:42 +0100
Processing by NotesController#index as HTML
  Rendering notes/index.html.erb within layouts/application
  [1m[36mNote Load (0.2ms)[0m  [1m[34mSELECT "notes".* FROM "notes"[0m
  ↳ app/views/notes/index.html.erb:10
  Rendered notes/index.html.erb within layouts/application (2.7ms)
Completed 200 OK in 32ms (Views: 30.2ms | ActiveRecord: 0.5ms)


Started GET "/notes/1" for 127.0.0.1 at 2019-03-11 11:14:44 +0100
Processing by NotesController#show as HTML
  Parameters: {"id"=>"1"}
  [1m[36mNote Load (0.2ms)[0m  [1m[34mSELECT  "notes".* FROM "notes" WHERE "notes"."id" = ? LIMIT ?[0m  [["id", 1], ["LIMIT", 1]]
  ↳ app/controllers/notes_controller.rb:7
  Rendering notes/show.html.erb within layouts/application
  Rendered notes/show.html.erb within layouts/application (0.7ms)
Completed 200 OK in 37ms (Views: 34.6ms | ActiveRecord: 0.2ms)


Started GET "/notes" for 127.0.0.1 at 2019-03-11 11:14:45 +0100
Processing by NotesController#index as HTML
  Rendering notes/index.html.erb within layouts/application
  [1m[36mNote Load (0.2ms)[0m  [1m[34mSELECT "notes".* FROM "notes"[0m
  ↳ app/views/notes/index.html.erb:10
  Rendered notes/index.html.erb within layouts/application (2.1ms)
Completed 200 OK in 31ms (Views: 30.0ms | ActiveRecord: 0.2ms)


Started GET "/notes/1/edit" for 127.0.0.1 at 2019-03-11 11:14:46 +0100
Processing by NotesController#edit as HTML
  Parameters: {"id"=>"1"}
  [1m[36mNote Load (0.1ms)[0m  [1m[34mSELECT  "notes".* FROM "notes" WHERE "notes"."id" = ? LIMIT ?[0m  [["id", 1], ["LIMIT", 1]]
  ↳ app/controllers/notes_controller.rb:16
  Rendering notes/edit.html.erb within layouts/application
  Rendered notes/_form.html.erb (2.5ms)
  Rendered notes/edit.html.erb within layouts/application (3.8ms)
Completed 200 OK in 29ms (Views: 27.6ms | ActiveRecord: 0.1ms)


Started GET "/notes" for 127.0.0.1 at 2019-03-11 11:14:48 +0100
Processing by NotesController#index as HTML
  Rendering notes/index.html.erb within layouts/application
  [1m[36mNote Load (0.2ms)[0m  [1m[34mSELECT "notes".* FROM "notes"[0m
  ↳ app/views/notes/index.html.erb:10
  Rendered notes/index.html.erb within layouts/application (2.6ms)
Completed 200 OK in 27ms (Views: 25.2ms | ActiveRecord: 0.2ms)


Started GET "/notes/new" for 127.0.0.1 at 2019-03-11 11:14:49 +0100
Processing by NotesController#new as HTML
  Rendering notes/new.html.erb within layouts/application
  Rendered notes/_form.html.erb (2.3ms)
  Rendered notes/new.html.erb within layouts/application (3.7ms)
Completed 200 OK in 33ms (Views: 32.5ms | ActiveRecord: 0.0ms)


Started GET "/notes" for 127.0.0.1 at 2019-03-11 11:14:50 +0100
Processing by NotesController#index as HTML
  Rendering notes/index.html.erb within layouts/application
  [1m[36mNote Load (0.2ms)[0m  [1m[34mSELECT "notes".* FROM "notes"[0m
  ↳ app/views/notes/index.html.erb:10
  Rendered notes/index.html.erb within layouts/application (2.0ms)
Completed 200 OK in 29ms (Views: 28.2ms | ActiveRecord: 0.2ms)


Started GET "/notes/1/edit" for 127.0.0.1 at 2019-03-11 11:15:31 +0100
Processing by NotesController#edit as HTML
  Parameters: {"id"=>"1"}
  [1m[36mNote Load (0.1ms)[0m  [1m[34mSELECT  "notes".* FROM "notes" WHERE "notes"."id" = ? LIMIT ?[0m  [["id", 1], ["LIMIT", 1]]
  ↳ app/controllers/notes_controller.rb:16
  Rendering notes/edit.html.erb within layouts/application
  Rendered notes/_form.html.erb (2.5ms)
  Rendered notes/edit.html.erb within layouts/application (3.7ms)
Completed 200 OK in 56ms (Views: 54.6ms | ActiveRecord: 0.1ms)


Started GET "/notes" for 127.0.0.1 at 2019-03-11 11:15:34 +0100
Processing by NotesController#index as HTML
  Rendering notes/index.html.erb within layouts/application
  [1m[36mNote Load (0.3ms)[0m  [1m[34mSELECT "notes".* FROM "notes"[0m
  ↳ app/views/notes/index.html.erb:10
  Rendered notes/index.html.erb within layouts/application (2.0ms)
Completed 200 OK in 28ms (Views: 26.7ms | ActiveRecord: 0.3ms)


Started GET "/notes" for 127.0.0.1 at 2019-03-11 11:19:50 +0100
  
SyntaxError (/home/kirkuss/Desktop/Web/notes/app/controllers/notes_controller.rb:50: syntax error, unexpected end-of-input, expecting end):
  
app/controllers/notes_controller.rb:50: syntax error, unexpected end-of-input, expecting end
Started GET "/notes" for 127.0.0.1 at 2019-03-11 11:20:11 +0100
Processing by NotesController#index as HTML
  Rendering notes/index.html.erb within layouts/application
  [1m[36mNote Load (0.3ms)[0m  [1m[34mSELECT "notes".* FROM "notes"[0m
  ↳ app/views/notes/index.html.erb:10
  Rendered notes/index.html.erb within layouts/application (9.9ms)
Completed 200 OK in 42ms (Views: 38.0ms | ActiveRecord: 0.9ms)


Started GET "/notes" for 127.0.0.1 at 2019-03-11 11:22:12 +0100
Processing by NotesController#index as HTML
  Rendering notes/index.html.erb within layouts/application
  [1m[36mNote Load (0.3ms)[0m  [1m[34mSELECT "notes".* FROM "notes"[0m
  ↳ app/views/notes/index.html.erb:10
  Rendered notes/index.html.erb within layouts/application (3.7ms)
Completed 200 OK in 45ms (Views: 43.3ms | ActiveRecord: 0.3ms)


Started GET "/notes/1" for 127.0.0.1 at 2019-03-11 11:22:14 +0100
Processing by NotesController#show as HTML
  Parameters: {"id"=>"1"}
  [1m[36mNote Load (0.3ms)[0m  [1m[34mSELECT  "notes".* FROM "notes" WHERE "notes"."id" = ? LIMIT ?[0m  [["id", 1], ["LIMIT", 1]]
  ↳ app/controllers/notes_controller.rb:7
  Rendering notes/show.html.erb within layouts/application
  Rendered notes/show.html.erb within layouts/application (0.9ms)
Completed 200 OK in 33ms (Views: 30.4ms | ActiveRecord: 0.3ms)


Started GET "/notes" for 127.0.0.1 at 2019-03-11 11:22:16 +0100
Processing by NotesController#index as HTML
  Rendering notes/index.html.erb within layouts/application
  [1m[36mNote Load (1.5ms)[0m  [1m[34mSELECT "notes".* FROM "notes"[0m
  ↳ app/views/notes/index.html.erb:10
  Rendered notes/index.html.erb within layouts/application (4.1ms)
Completed 200 OK in 32ms (Views: 28.9ms | ActiveRecord: 1.5ms)


Started GET "/notes/1/edit" for 127.0.0.1 at 2019-03-11 11:22:17 +0100
Processing by NotesController#edit as HTML
  Parameters: {"id"=>"1"}
  [1m[36mNote Load (0.1ms)[0m  [1m[34mSELECT  "notes".* FROM "notes" WHERE "notes"."id" = ? LIMIT ?[0m  [["id", 1], ["LIMIT", 1]]
  ↳ app/controllers/notes_controller.rb:16
  Rendering notes/edit.html.erb within layouts/application
  Rendered notes/_form.html.erb (3.5ms)
  Rendered notes/edit.html.erb within layouts/application (6.5ms)
Completed 200 OK in 32ms (Views: 30.8ms | ActiveRecord: 0.1ms)


Started GET "/notes" for 127.0.0.1 at 2019-03-11 11:22:18 +0100
Processing by NotesController#index as HTML
  Rendering notes/index.html.erb within layouts/application
  [1m[36mNote Load (0.2ms)[0m  [1m[34mSELECT "notes".* FROM "notes"[0m
  ↳ app/views/notes/index.html.erb:10
  Rendered notes/index.html.erb within layouts/application (3.6ms)
Completed 200 OK in 35ms (Views: 34.0ms | ActiveRecord: 0.2ms)


